[debug] [2026-07-19T05:16:50.048Z] ----------------------------------------------------------------------
[debug] [2026-07-19T05:16:50.055Z] Command:       C:\Program Files\nodejs\node.exe C:\Users\DELL 0424\AppData\Roaming\npm\node_modules\firebase-tools\lib\bin\firebase.js deploy --only functions
[debug] [2026-07-19T05:16:50.056Z] CLI Version:   15.7.0
[debug] [2026-07-19T05:16:50.056Z] Platform:      win32
[debug] [2026-07-19T05:16:50.057Z] Node Version:  v22.14.0
[debug] [2026-07-19T05:16:50.058Z] Time:          Sun Jul 19 2026 10:46:50 GMT+0530 (India Standard Time)
[debug] [2026-07-19T05:16:50.058Z] ----------------------------------------------------------------------
[debug] 
[debug] [2026-07-19T05:16:50.068Z] >>> [apiv2][query] GET https://firebase-public.firebaseio.com/cli.json [none]
[debug] [2026-07-19T05:17:08.043Z] > command requires scopes: ["email","openid","https://www.googleapis.com/auth/cloudplatformprojects.readonly","https://www.googleapis.com/auth/firebase","https://www.googleapis.com/auth/cloud-platform"]
[debug] [2026-07-19T05:17:08.044Z] > authorizing via signed-in user (sanjeeugv2006@gmail.com)
[debug] [2026-07-19T05:17:08.045Z] [iam] checking project smartbustracker-ef456 for permissions ["cloudfunctions.functions.create","cloudfunctions.functions.delete","cloudfunctions.functions.get","cloudfunctions.functions.list","cloudfunctions.functions.update","cloudfunctions.operations.get","firebase.projects.get"]
[debug] [2026-07-19T05:17:08.049Z] Checked if tokens are valid: false, expires at: 1779531233699
[debug] [2026-07-19T05:17:08.050Z] Checked if tokens are valid: false, expires at: 1779531233699
[debug] [2026-07-19T05:17:08.051Z] > refreshing access token with scopes: []
[debug] [2026-07-19T05:17:08.055Z] >>> [apiv2][query] POST https://www.googleapis.com/oauth2/v3/token [none]
[debug] [2026-07-19T05:17:08.056Z] >>> [apiv2][body] POST https://www.googleapis.com/oauth2/v3/token [omitted]
[debug] [2026-07-19T05:17:10.310Z] <<< [apiv2][status] POST https://www.googleapis.com/oauth2/v3/token 200
[debug] [2026-07-19T05:17:10.311Z] <<< [apiv2][body] POST https://www.googleapis.com/oauth2/v3/token [omitted]
[debug] [2026-07-19T05:17:10.352Z] >>> [apiv2][query] POST https://cloudresourcemanager.googleapis.com/v1/projects/smartbustracker-ef456:testIamPermissions [none]
[debug] [2026-07-19T05:17:10.352Z] >>> [apiv2][(partial)header] POST https://cloudresourcemanager.googleapis.com/v1/projects/smartbustracker-ef456:testIamPermissions  x-goog-user-project=smartbustracker-ef456
[debug] [2026-07-19T05:17:10.353Z] >>> [apiv2][body] POST https://cloudresourcemanager.googleapis.com/v1/projects/smartbustracker-ef456:testIamPermissions {"permissions":["cloudfunctions.functions.create","cloudfunctions.functions.delete","cloudfunctions.functions.get","cloudfunctions.functions.list","cloudfunctions.functions.update","cloudfunctions.operations.get","firebase.projects.get"]}
[debug] [2026-07-19T05:17:10.783Z] <<< [apiv2][status] GET https://firebase-public.firebaseio.com/cli.json 200
[debug] [2026-07-19T05:17:10.783Z] <<< [apiv2][body] GET https://firebase-public.firebaseio.com/cli.json {"cloudBuildErrorAfter":1594252800000,"cloudBuildWarnAfter":1590019200000,"defaultNode10After":1594252800000,"minVersion":"3.0.5","node8DeploysDisabledAfter":1613390400000,"node8RuntimeDisabledAfter":1615809600000,"node8WarnAfter":1600128000000}
[debug] [2026-07-19T05:17:12.258Z] <<< [apiv2][status] POST https://cloudresourcemanager.googleapis.com/v1/projects/smartbustracker-ef456:testIamPermissions 200
[debug] [2026-07-19T05:17:12.259Z] <<< [apiv2][body] POST https://cloudresourcemanager.googleapis.com/v1/projects/smartbustracker-ef456:testIamPermissions {"permissions":["cloudfunctions.functions.create","cloudfunctions.functions.delete","cloudfunctions.functions.get","cloudfunctions.functions.list","cloudfunctions.functions.update","cloudfunctions.operations.get","firebase.projects.get"]}
[debug] [2026-07-19T05:17:12.260Z] Checked if tokens are valid: true, expires at: 1784441829311
[debug] [2026-07-19T05:17:12.260Z] Checked if tokens are valid: true, expires at: 1784441829311
[debug] [2026-07-19T05:17:12.260Z] >>> [apiv2][query] POST https://iam.googleapis.com/v1/projects/smartbustracker-ef456/serviceAccounts/smartbustracker-ef456@appspot.gserviceaccount.com:testIamPermissions [none]
[debug] [2026-07-19T05:17:12.260Z] >>> [apiv2][body] POST https://iam.googleapis.com/v1/projects/smartbustracker-ef456/serviceAccounts/smartbustracker-ef456@appspot.gserviceaccount.com:testIamPermissions {"permissions":["iam.serviceAccounts.actAs"]}
[debug] [2026-07-19T05:17:14.100Z] <<< [apiv2][status] POST https://iam.googleapis.com/v1/projects/smartbustracker-ef456/serviceAccounts/smartbustracker-ef456@appspot.gserviceaccount.com:testIamPermissions 404
[debug] [2026-07-19T05:17:14.101Z] <<< [apiv2][body] POST https://iam.googleapis.com/v1/projects/smartbustracker-ef456/serviceAccounts/smartbustracker-ef456@appspot.gserviceaccount.com:testIamPermissions {"error":{"code":404,"message":"Unknown service account","status":"NOT_FOUND"}}
[debug] [2026-07-19T05:17:14.102Z] [functions] service account IAM check errored, deploy may fail: Request to https://iam.googleapis.com/v1/projects/smartbustracker-ef456/serviceAccounts/smartbustracker-ef456@appspot.gserviceaccount.com:testIamPermissions had HTTP Error: 404, Unknown service account {"name":"FirebaseError","children":[],"context":{"body":{"error":{"code":404,"message":"Unknown service account","status":"NOT_FOUND"}},"response":{"statusCode":404}},"exit":1,"message":"Request to https://iam.googleapis.com/v1/projects/smartbustracker-ef456/serviceAccounts/smartbustracker-ef456@appspot.gserviceaccount.com:testIamPermissions had HTTP Error: 404, Unknown service account","status":404}
[info] 
[info] === Deploying to 'smartbustracker-ef456'...
[info] 
[info] i  deploying functions 
[debug] [2026-07-19T05:17:14.112Z] Checked if tokens are valid: true, expires at: 1784441829311
[debug] [2026-07-19T05:17:14.112Z] Checked if tokens are valid: true, expires at: 1784441829311
[debug] [2026-07-19T05:17:14.113Z] >>> [apiv2][query] GET https://cloudresourcemanager.googleapis.com/v1/projects/smartbustracker-ef456 [none]
[debug] [2026-07-19T05:17:14.532Z] <<< [apiv2][status] GET https://cloudresourcemanager.googleapis.com/v1/projects/smartbustracker-ef456 200
[debug] [2026-07-19T05:17:14.532Z] <<< [apiv2][body] GET https://cloudresourcemanager.googleapis.com/v1/projects/smartbustracker-ef456 {"projectNumber":"686712758756","projectId":"smartbustracker-ef456","lifecycleState":"ACTIVE","name":"SmartBusTracker","labels":{"firebase":"enabled","firebase-core":"disabled"},"createTime":"2026-02-25T17:48:57.056280Z"}
[info] i  functions: preparing codebase default for deployment 
[info] i  functions: ensuring required API cloudfunctions.googleapis.com is enabled... 
[debug] [2026-07-19T05:17:14.537Z] Checked if tokens are valid: true, expires at: 1784441829311
[debug] [2026-07-19T05:17:14.538Z] Checked if tokens are valid: true, expires at: 1784441829311
[debug] [2026-07-19T05:17:14.539Z] Checked if tokens are valid: true, expires at: 1784441829311
[debug] [2026-07-19T05:17:14.540Z] Checked if tokens are valid: true, expires at: 1784441829311
[info] i  functions: ensuring required API cloudbuild.googleapis.com is enabled... 
[debug] [2026-07-19T05:17:14.542Z] Checked if tokens are valid: true, expires at: 1784441829311
[debug] [2026-07-19T05:17:14.542Z] Checked if tokens are valid: true, expires at: 1784441829311
[info] i  artifactregistry: ensuring required API artifactregistry.googleapis.com is enabled... 
[debug] [2026-07-19T05:17:14.544Z] Checked if tokens are valid: true, expires at: 1784441829311
[debug] [2026-07-19T05:17:14.545Z] Checked if tokens are valid: true, expires at: 1784441829311
[debug] [2026-07-19T05:17:14.545Z] >>> [apiv2][query] GET https://serviceusage.googleapis.com/v1/projects/smartbustracker-ef456/services/cloudfunctions.googleapis.com [none]
[debug] [2026-07-19T05:17:14.545Z] >>> [apiv2][(partial)header] GET https://serviceusage.googleapis.com/v1/projects/smartbustracker-ef456/services/cloudfunctions.googleapis.com  x-goog-user-project=smartbustracker-ef456
[debug] [2026-07-19T05:17:14.548Z] >>> [apiv2][query] GET https://serviceusage.googleapis.com/v1/projects/smartbustracker-ef456/services/runtimeconfig.googleapis.com [none]
[debug] [2026-07-19T05:17:14.549Z] >>> [apiv2][(partial)header] GET https://serviceusage.googleapis.com/v1/projects/smartbustracker-ef456/services/runtimeconfig.googleapis.com  x-goog-user-project=smartbustracker-ef456
[debug] [2026-07-19T05:17:14.551Z] >>> [apiv2][query] GET https://serviceusage.googleapis.com/v1/projects/smartbustracker-ef456/services/cloudbuild.googleapis.com [none]
[debug] [2026-07-19T05:17:14.552Z] >>> [apiv2][(partial)header] GET https://serviceusage.googleapis.com/v1/projects/smartbustracker-ef456/services/cloudbuild.googleapis.com  x-goog-user-project=smartbustracker-ef456
[debug] [2026-07-19T05:17:14.554Z] >>> [apiv2][query] GET https://serviceusage.googleapis.com/v1/projects/smartbustracker-ef456/services/artifactregistry.googleapis.com [none]
[debug] [2026-07-19T05:17:14.554Z] >>> [apiv2][(partial)header] GET https://serviceusage.googleapis.com/v1/projects/smartbustracker-ef456/services/artifactregistry.googleapis.com  x-goog-user-project=smartbustracker-ef456
[debug] [2026-07-19T05:17:16.496Z] <<< [apiv2][status] GET https://serviceusage.googleapis.com/v1/projects/smartbustracker-ef456/services/cloudfunctions.googleapis.com 200
[debug] [2026-07-19T05:17:16.496Z] <<< [apiv2][body] GET https://serviceusage.googleapis.com/v1/projects/smartbustracker-ef456/services/cloudfunctions.googleapis.com [omitted]
[warn] !  functions: missing required API cloudfunctions.googleapis.com. Enabling now... 
[debug] [2026-07-19T05:17:16.498Z] Checked if tokens are valid: true, expires at: 1784441829311
[debug] [2026-07-19T05:17:16.499Z] Checked if tokens are valid: true, expires at: 1784441829311
[debug] [2026-07-19T05:17:16.499Z] >>> [apiv2][query] POST https://serviceusage.googleapis.com/v1/projects/smartbustracker-ef456/services/cloudfunctions.googleapis.com:enable [none]
[debug] [2026-07-19T05:17:16.500Z] >>> [apiv2][(partial)header] POST https://serviceusage.googleapis.com/v1/projects/smartbustracker-ef456/services/cloudfunctions.googleapis.com:enable  x-goog-user-project=smartbustracker-ef456
[debug] [2026-07-19T05:17:16.516Z] <<< [apiv2][status] GET https://serviceusage.googleapis.com/v1/projects/smartbustracker-ef456/services/runtimeconfig.googleapis.com 200
[debug] [2026-07-19T05:17:16.516Z] <<< [apiv2][body] GET https://serviceusage.googleapis.com/v1/projects/smartbustracker-ef456/services/runtimeconfig.googleapis.com [omitted]
[debug] [2026-07-19T05:17:16.533Z] <<< [apiv2][status] GET https://serviceusage.googleapis.com/v1/projects/smartbustracker-ef456/services/artifactregistry.googleapis.com 200
[debug] [2026-07-19T05:17:16.533Z] <<< [apiv2][body] GET https://serviceusage.googleapis.com/v1/projects/smartbustracker-ef456/services/artifactregistry.googleapis.com [omitted]
[warn] !  artifactregistry: missing required API artifactregistry.googleapis.com. Enabling now... 
[debug] [2026-07-19T05:17:16.534Z] Checked if tokens are valid: true, expires at: 1784441829311
[debug] [2026-07-19T05:17:16.534Z] Checked if tokens are valid: true, expires at: 1784441829311
[debug] [2026-07-19T05:17:16.534Z] >>> [apiv2][query] POST https://serviceusage.googleapis.com/v1/projects/smartbustracker-ef456/services/artifactregistry.googleapis.com:enable [none]
[debug] [2026-07-19T05:17:16.535Z] >>> [apiv2][(partial)header] POST https://serviceusage.googleapis.com/v1/projects/smartbustracker-ef456/services/artifactregistry.googleapis.com:enable  x-goog-user-project=smartbustracker-ef456
[debug] [2026-07-19T05:17:16.539Z] <<< [apiv2][status] GET https://serviceusage.googleapis.com/v1/projects/smartbustracker-ef456/services/cloudbuild.googleapis.com 200
[debug] [2026-07-19T05:17:16.539Z] <<< [apiv2][body] GET https://serviceusage.googleapis.com/v1/projects/smartbustracker-ef456/services/cloudbuild.googleapis.com [omitted]
[warn] !  functions: missing required API cloudbuild.googleapis.com. Enabling now... 
[debug] [2026-07-19T05:17:16.541Z] Checked if tokens are valid: true, expires at: 1784441829311
[debug] [2026-07-19T05:17:16.541Z] Checked if tokens are valid: true, expires at: 1784441829311
[debug] [2026-07-19T05:17:16.541Z] >>> [apiv2][query] POST https://serviceusage.googleapis.com/v1/projects/smartbustracker-ef456/services/cloudbuild.googleapis.com:enable [none]
[debug] [2026-07-19T05:17:16.541Z] >>> [apiv2][(partial)header] POST https://serviceusage.googleapis.com/v1/projects/smartbustracker-ef456/services/cloudbuild.googleapis.com:enable  x-goog-user-project=smartbustracker-ef456
[debug] [2026-07-19T05:17:18.166Z] <<< [apiv2][status] POST https://serviceusage.googleapis.com/v1/projects/smartbustracker-ef456/services/artifactregistry.googleapis.com:enable 400
[debug] [2026-07-19T05:17:18.167Z] <<< [apiv2][body] POST https://serviceusage.googleapis.com/v1/projects/smartbustracker-ef456/services/artifactregistry.googleapis.com:enable [omitted]
[debug] [2026-07-19T05:17:19.607Z] <<< [apiv2][status] POST https://serviceusage.googleapis.com/v1/projects/smartbustracker-ef456/services/cloudfunctions.googleapis.com:enable 200
[debug] [2026-07-19T05:17:19.607Z] <<< [apiv2][body] POST https://serviceusage.googleapis.com/v1/projects/smartbustracker-ef456/services/cloudfunctions.googleapis.com:enable [omitted]
[debug] [2026-07-19T05:17:19.665Z] <<< [apiv2][status] POST https://serviceusage.googleapis.com/v1/projects/smartbustracker-ef456/services/cloudbuild.googleapis.com:enable 400
[debug] [2026-07-19T05:17:19.665Z] <<< [apiv2][body] POST https://serviceusage.googleapis.com/v1/projects/smartbustracker-ef456/services/cloudbuild.googleapis.com:enable [omitted]
[debug] [2026-07-19T05:17:23.189Z] Error: Timed out.
    at Timeout._onTimeout (C:\Users\DELL 0424\AppData\Roaming\npm\node_modules\firebase-tools\lib\utils.js:308:49)
    at listOnTimeout (node:internal/timers:594:17)
    at process.processTimers (node:internal/timers:529:7)
[error] 
[error] Error: An unexpected error has occurred.
